2019-09-20T02:18:09+00:00 CRITICAL Maximum execution time of 30 seconds exceeded in C:\xampp\htdocs\test\wp-content\plugins\revslider\includes\aq-resizer.class.php on line 90

2019-09-20T14:26:08+00:00 CRITICAL Maximum execution time of 30 seconds exceeded in C:\xampp\htdocs\test\wp-includes\Requests\Transport\cURL.php on line 163

2019-09-20T16:41:19+00:00 CRITICAL Maximum execution time of 30 seconds exceeded in C:\xampp\htdocs\test\wp-includes\Requests\Transport\cURL.php on line 163

2019-09-20T16:41:59+00:00 CRITICAL Maximum execution time of 30 seconds exceeded in C:\xampp\htdocs\test\wp-includes\Requests\Transport\cURL.php on line 163

2019-09-20T16:42:12+00:00 CRITICAL Maximum execution time of 30 seconds exceeded in C:\xampp\htdocs\test\wp-includes\Requests\Transport\cURL.php on line 163

2019-09-20T16:42:12+00:00 CRITICAL Maximum execution time of 30 seconds exceeded in C:\xampp\htdocs\test\wp-content\plugins\wordpress-social-login\wp-social-login.php on line 64

2019-09-20T16:43:02+00:00 CRITICAL Maximum execution time of 30 seconds exceeded in C:\xampp\htdocs\test\wp-includes\Requests\Transport\cURL.php on line 163

2019-09-20T16:43:15+00:00 CRITICAL Maximum execution time of 30 seconds exceeded in C:\xampp\htdocs\test\wp-includes\Requests\Transport\cURL.php on line 163

2019-09-20T16:44:02+00:00 CRITICAL Maximum execution time of 30 seconds exceeded in C:\xampp\htdocs\test\wp-includes\Requests\Transport\cURL.php on line 163

2019-09-20T16:44:54+00:00 CRITICAL Maximum execution time of 30 seconds exceeded in C:\xampp\htdocs\test\wp-includes\Requests\Transport\cURL.php on line 163

2019-09-20T19:08:05+00:00 CRITICAL Maximum execution time of 30 seconds exceeded in C:\xampp\htdocs\test\wp-includes\plugin.php on line 682

2019-09-20T19:25:01+00:00 CRITICAL Maximum execution time of 30 seconds exceeded in C:\xampp\htdocs\test\wp-content\plugins\woocommerce\includes\admin\class-wc-admin-help.php on line 9

2019-09-20T19:25:14+00:00 CRITICAL Maximum execution time of 30 seconds exceeded in C:\xampp\htdocs\test\wp-admin\includes\post.php on line 20

2019-09-20T19:25:17+00:00 CRITICAL Maximum execution time of 30 seconds exceeded in C:\xampp\htdocs\test\wp-content\plugins\revslider\admin\includes\shortcode_generator\gutenberg\gutenberg-block.php on line 12

2019-09-20T19:25:17+00:00 CRITICAL Maximum execution time of 30 seconds exceeded in C:\xampp\htdocs\test\wp-includes\l10n.php on line 649

2019-09-20T19:25:19+00:00 CRITICAL Maximum execution time of 30 seconds exceeded in C:\xampp\htdocs\test\wp-content\themes\motors\admin\includes\envato-market\envato-market.php on line 16

2019-09-20T19:25:19+00:00 CRITICAL Maximum execution time of 30 seconds exceeded in C:\xampp\htdocs\test\wp-content\plugins\wordpress-social-login\wp-social-login.php on line 64

2019-09-20T19:25:19+00:00 CRITICAL Maximum execution time of 30 seconds exceeded in C:\xampp\htdocs\test\wp-content\plugins\wordpress-social-login\wp-social-login.php on line 64

2019-09-20T19:25:19+00:00 CRITICAL Maximum execution time of 30 seconds exceeded in C:\xampp\htdocs\test\wp-content\plugins\wordpress-social-login\wp-social-login.php on line 64

2019-09-20T19:25:19+00:00 CRITICAL Maximum execution time of 30 seconds exceeded in C:\xampp\htdocs\test\wp-content\plugins\wordpress-social-login\wp-social-login.php on line 64

2019-09-20T19:25:19+00:00 CRITICAL Maximum execution time of 30 seconds exceeded in C:\xampp\htdocs\test\wp-content\plugins\wordpress-social-login\wp-social-login.php on line 64

2019-09-20T19:25:51+00:00 CRITICAL Maximum execution time of 30 seconds exceeded in C:\xampp\htdocs\test\wp-includes\Requests\Transport\cURL.php on line 163

2019-09-20T19:25:57+00:00 CRITICAL Maximum execution time of 30 seconds exceeded in C:\xampp\htdocs\test\wp-admin\includes\plugin.php on line 289

2019-09-20T19:26:25+00:00 CRITICAL Maximum execution time of 30 seconds exceeded in C:\xampp\htdocs\test\wp-includes\wp-db.php on line 2007

2019-09-20T19:29:22+00:00 CRITICAL Maximum execution time of 30 seconds exceeded in C:\xampp\htdocs\test\wp-includes\Requests\Transport\cURL.php on line 441

2019-09-20T19:29:23+00:00 CRITICAL Maximum execution time of 30 seconds exceeded in C:\xampp\htdocs\test\wp-content\plugins\revslider\admin\includes\shortcode_generator\gutenberg\gutenberg-block.php on line 12

2019-09-20T19:32:53+00:00 CRITICAL Maximum execution time of 30 seconds exceeded in C:\xampp\htdocs\test\wp-content\plugins\wordpress-social-login\wp-social-login.php on line 64

2019-09-20T19:33:27+00:00 CRITICAL Maximum execution time of 30 seconds exceeded in C:\xampp\htdocs\test\wp-includes\wp-db.php on line 2007

